Arguments: 
  /Users/arel/.nvm/versions/node/v14.17.5/bin/node /Users/arel/.nvm/versions/node/v14.17.5/bin/yarn

PATH: 
  /Users/arel/.nvm/versions/node/v14.17.5/bin:/usr/local/bin:/usr/bin:/bin:/usr/sbin:/sbin:/Users/arel/.nvm/versions/node/v14.17.5/bin

Yarn version: 
  1.22.17

Node version: 
  14.17.5

Platform: 
  darwin arm64

Trace: 
  SyntaxError: /Users/arel/Documents/projects/pixelava-v2/package.json: Unexpected end of JSON input
      at JSON.parse (<anonymous>)
      at /Users/arel/.nvm/versions/node/v14.17.5/lib/node_modules/yarn/lib/cli.js:1625:59
      at Generator.next (<anonymous>)
      at step (/Users/arel/.nvm/versions/node/v14.17.5/lib/node_modules/yarn/lib/cli.js:310:30)
      at /Users/arel/.nvm/versions/node/v14.17.5/lib/node_modules/yarn/lib/cli.js:321:13

npm manifest: 
  {
    "name": "pixelava-v2",
    "version": "1.0.0",
    "main": "index.js",
    "license": "GPL-3.0-or-later",
    "scripts": {
      "build": "hardhat compile",
      "test": "hardhat test",
      "lint": "solhint contracts/**/*.sol",
      "prepare": "husky install",
      "deploy:testnet": "hardhat deploy --network alfajores",
      "verify:testnet": "hardhat sourcify --network alfajores",
      "deploy": "hardhat deploy --network celo",
      "verify": "hardhat sourcify --network celo"
    },
    "devDependencies": {
      "@celo/contractkit": "^1.3.0",
      "@nomiclabs/hardhat-ethers": "npm:hardhat-deploy-ethers",
      "@nomiclabs/hardhat-waffle": "^2.0.1",
      "chai": "^4.3.4",
      "dotenv": "^12.0.4",
      "ethereum-waffle": "^3.4.0",
      "ethers": "^5.4.7",
      "hardhat": "^2.6.6",
      "hardhat-deploy": "^0.9.24",
      "husky": "^7.0.2",
      "prettier": "^2.4.1",
      "prettier-plugin-solidity": "^1.0.0-beta.18",
      "solhint": "^3.3.6"
    },
    "dependencies": {
      "@openzeppelin/contracts": "^4.4.2"
    }

yarn manifest: 
  No manifest

Lockfile: 
  No lockfile
